app/build/intermediates/manifest_merge_blame_file/debug/manifest-merger-blame-debug-report.txt
1<?xml version="1.0" encoding="utf-8"?>
2<manifest xmlns:android="http://schemas.android.com/apk/res/android"
3    package="ru.lizzzi.crossfit_rekord"
4    android:versionCode="30"
5    android:versionName="3.14.0" >
6
7    <uses-sdk
8        android:minSdkVersion="19"
8-->src\main\AndroidManifest.xml
9        android:targetSdkVersion="28" />
9-->src\main\AndroidManifest.xml
10
11    <uses-permission android:name="android.permission.ACCESS_NETWORK_STATE" />
11-->src\main\AndroidManifest.xml:7:5-79
11-->src\main\AndroidManifest.xml:7:22-76
12    <uses-permission android:name="android.permission.INTERNET" />
12-->src\main\AndroidManifest.xml:8:5-67
12-->src\main\AndroidManifest.xml:8:22-64
13
14    <application
14-->src\main\AndroidManifest.xml:10:5-56:19
15        android:name="ru.lizzzi.crossfit_rekord.backendless.BackendlessQueries"
15-->src\main\AndroidManifest.xml:17:9-55
16        android:allowBackup="true"
16-->src\main\AndroidManifest.xml:11:9-35
17        android:appComponentFactory="android.support.v4.app.CoreComponentFactory"
17-->[com.android.support:support-compat:28.0.0] AndroidManifest.xml:22:18-91
18        android:debuggable="true"
19        android:icon="@mipmap/ic_launcher"
19-->src\main\AndroidManifest.xml:12:9-43
20        android:label="@string/app_name"
20-->src\main\AndroidManifest.xml:13:9-41
21        android:roundIcon="@mipmap/ic_launcher"
21-->src\main\AndroidManifest.xml:14:9-48
22        android:supportsRtl="true"
22-->src\main\AndroidManifest.xml:15:9-35
23        android:theme="@style/AppTheme" >
23-->src\main\AndroidManifest.xml:16:9-40
24        <activity
24-->src\main\AndroidManifest.xml:20:9-24:20
25            android:name="ru.lizzzi.crossfit_rekord.activity.MainActivity"
25-->src\main\AndroidManifest.xml:21:13-50
26            android:screenOrientation="portrait"
26-->src\main\AndroidManifest.xml:22:13-49
27            android:windowSoftInputMode="adjustPan" >
27-->src\main\AndroidManifest.xml:23:13-52
28        </activity>
29        <activity
29-->src\main\AndroidManifest.xml:26:9-30:20
30            android:name="ru.lizzzi.crossfit_rekord.activity.EnterResultActivity"
30-->src\main\AndroidManifest.xml:27:13-57
31            android:screenOrientation="portrait"
31-->src\main\AndroidManifest.xml:28:13-49
32            android:theme="@style/AppTheme.NoActionBar" >
32-->src\main\AndroidManifest.xml:29:13-56
33        </activity>
34        <activity
34-->src\main\AndroidManifest.xml:32:9-41:20
35            android:name="ru.lizzzi.crossfit_rekord.activity.SplashActivity"
35-->src\main\AndroidManifest.xml:33:13-52
36            android:screenOrientation="portrait"
36-->src\main\AndroidManifest.xml:35:13-49
37            android:theme="@style/AppTheme.Launcher" >
37-->src\main\AndroidManifest.xml:34:13-53
38            <intent-filter>
38-->src\main\AndroidManifest.xml:36:13-40:29
39                <action android:name="android.intent.action.MAIN" />
39-->src\main\AndroidManifest.xml:37:17-69
39-->src\main\AndroidManifest.xml:37:25-66
40
41                <category android:name="android.intent.category.LAUNCHER" />
41-->src\main\AndroidManifest.xml:39:17-77
41-->src\main\AndroidManifest.xml:39:27-74
42            </intent-filter>
43        </activity>
44
45        <service
45-->src\main\AndroidManifest.xml:43:9-47:19
46            android:name="ru.lizzzi.crossfit_rekord.services.LoadNotificationsService"
46-->src\main\AndroidManifest.xml:44:13-62
47            android:enabled="true"
47-->src\main\AndroidManifest.xml:45:13-35
48            android:exported="false" >
48-->src\main\AndroidManifest.xml:46:13-37
49        </service>
50
51        <receiver android:name="ru.lizzzi.crossfit_rekord.inspectionСlasses.alarm.AlarmReceiver" />
51-->src\main\AndroidManifest.xml:49:9-74
51-->src\main\AndroidManifest.xml:49:19-72
52        <receiver
52-->src\main\AndroidManifest.xml:50:9-55:20
53            android:name="ru.lizzzi.crossfit_rekord.fragments.AlarmBootReceiver"
53-->src\main\AndroidManifest.xml:50:19-62
54            android:enabled="false" >
54-->src\main\AndroidManifest.xml:51:13-36
55            <intent-filter>
55-->src\main\AndroidManifest.xml:52:13-54:29
56                <action android:name="android.intent.action.BOOT_COMPLETED" />
56-->src\main\AndroidManifest.xml:53:17-79
56-->src\main\AndroidManifest.xml:53:25-76
57            </intent-filter>
58        </receiver>
59    </application>
60
61</manifest>